<?xml version="1.0" encoding="UTF-8"?>
<testsuite xmlns:xsi="http://www.w3.org/2001/XMLSchema-instance" xsi:noNamespaceSchemaLocation="https://maven.apache.org/surefire/maven-surefire-plugin/xsd/surefire-test-report.xsd" name="com.mailchimp.CampaignControllerTest" time="92.452" tests="6" errors="0" skipped="0" failures="0">
  <properties>
[...]
</properties>
  <testcase name="testgetCampaignInfo" classname="com.mailchimp.CampaignControllerTest" time="1.807"/>
  <testcase name="testCreateIssue" classname="com.mailchimp.CampaignControllerTest" time="5.107"/>
  <testcase name="testgetCampaignss" classname="com.mailchimp.CampaignControllerTest" time="0.921"/>
  <testcase name="testDeleteCampaign" classname="com.mailchimp.CampaignControllerTest" time="1.847"/>
  <testcase name="testCampaignFolder" classname="com.mailchimp.CampaignControllerTest" time="0.48"/>
  <testcase name="testSendCampaign" classname="com.mailchimp.CampaignControllerTest" time="1.749"/>
</testsuite>